  ch04.c
C:\Users\oreo\github\CPractice\CPointer\ch04.c(42,75): warning C4311: '형식 캐스트': 'char *'에서 'long'(으)로 포인터가 잘립니다.
C:\Users\oreo\github\CPractice\CPointer\ch04.c(42,85): warning C4311: '형식 캐스트': 'char *'에서 'long'(으)로 포인터가 잘립니다.
C:\Users\oreo\github\CPractice\CPointer\ch04.c(42,95): warning C4311: '형식 캐스트': 'int *'에서 'long'(으)로 포인터가 잘립니다.
C:\Users\oreo\github\CPractice\CPointer\ch04.c(42,105): warning C4311: '형식 캐스트': 'int *'에서 'long'(으)로 포인터가 잘립니다.
C:\Users\oreo\github\CPractice\CPointer\ch04.c(42,9): warning C4477: 'printf' : 서식 문자열 '%llX'에 'unsigned __int64' 형식의 인수가 필요하지만 variadic 인수 1의 형식이 'long'입니다.
  C:\Users\oreo\github\CPractice\CPointer\ch04.c(42,9):
  서식 문자열에서 '%lX'을(를) 사용하는 것이 좋습니다.
  
C:\Users\oreo\github\CPractice\CPointer\ch04.c(42,9): warning C4477: 'printf' : 서식 문자열 '%llX'에 'unsigned __int64' 형식의 인수가 필요하지만 variadic 인수 2의 형식이 'long'입니다.
  C:\Users\oreo\github\CPractice\CPointer\ch04.c(42,9):
  서식 문자열에서 '%lX'을(를) 사용하는 것이 좋습니다.
  
C:\Users\oreo\github\CPractice\CPointer\ch04.c(42,9): warning C4477: 'printf' : 서식 문자열 '%llX'에 'unsigned __int64' 형식의 인수가 필요하지만 variadic 인수 3의 형식이 'long'입니다.
  C:\Users\oreo\github\CPractice\CPointer\ch04.c(42,9):
  서식 문자열에서 '%lX'을(를) 사용하는 것이 좋습니다.
  
C:\Users\oreo\github\CPractice\CPointer\ch04.c(42,9): warning C4477: 'printf' : 서식 문자열 '%llX'에 'unsigned __int64' 형식의 인수가 필요하지만 variadic 인수 4의 형식이 'long'입니다.
  C:\Users\oreo\github\CPractice\CPointer\ch04.c(42,9):
  서식 문자열에서 '%lX'을(를) 사용하는 것이 좋습니다.
  
C:\Users\oreo\github\CPractice\CPointer\ch04.c(39,10): warning C4305: '초기화 중': '__int64'에서 'int'(으)로 잘립니다.
C:\Users\oreo\github\CPractice\CPointer\ch04.c(127,9): warning C4047: '초기화 중': 'short *'의 간접 참조 수준이 'int (*)[2]'과(와) 다릅니다.
C:\Users\oreo\github\CPractice\CPointer\ch04.c(128,8): warning C4047: '초기화 중': 'char *'의 간접 참조 수준이 'int (*)[2]'과(와) 다릅니다.
  CPointer.vcxproj -> C:\Users\oreo\github\CPractice\CPointer\x64\Debug\CPointer.exe
