  Ch03.cpp
C:\Users\oreo\github\CPractice\SystemPrograming\Ch03.cpp(23,37): warning C4311: '형식 캐스트': 'INT *'에서 'UINT'(으)로 포인터가 잘립니다.
C:\Users\oreo\github\CPractice\SystemPrograming\Ch03.cpp(23,37): warning C4302: '형식 캐스트': 'INT *'에서 'UINT'(으)로 잘립니다.
C:\Users\oreo\github\CPractice\SystemPrograming\Ch03.cpp(23,50): warning C4311: '형식 캐스트': 'INT *'에서 'UINT'(으)로 포인터가 잘립니다.
C:\Users\oreo\github\CPractice\SystemPrograming\Ch03.cpp(23,50): warning C4302: '형식 캐스트': 'INT *'에서 'UINT'(으)로 잘립니다.
C:\Users\oreo\github\CPractice\SystemPrograming\Ch03.cpp(25,36): warning C4311: '형식 캐스트': 'INT *'에서 'UINT'(으)로 포인터가 잘립니다.
C:\Users\oreo\github\CPractice\SystemPrograming\Ch03.cpp(25,36): warning C4302: '형식 캐스트': 'INT *'에서 'UINT'(으)로 잘립니다.
C:\Users\oreo\github\CPractice\SystemPrograming\Ch03.cpp(25,49): warning C4311: '형식 캐스트': 'INT *'에서 'UINT'(으)로 포인터가 잘립니다.
C:\Users\oreo\github\CPractice\SystemPrograming\Ch03.cpp(25,49): warning C4302: '형식 캐스트': 'INT *'에서 'UINT'(으)로 잘립니다.
C:\Users\oreo\github\CPractice\SystemPrograming\Ch03.cpp(36,3): warning C4477: 'wprintf' : 서식 문자열 '%x'에 'unsigned int' 형식의 인수가 필요하지만 variadic 인수 1의 형식이 'UINT_PTR'입니다.
  C:\Users\oreo\github\CPractice\SystemPrograming\Ch03.cpp(36,3):
  서식 문자열에서 '%llx'을(를) 사용하는 것이 좋습니다.
  C:\Users\oreo\github\CPractice\SystemPrograming\Ch03.cpp(36,3):
  서식 문자열에서 '%Ix'을(를) 사용하는 것이 좋습니다.
  C:\Users\oreo\github\CPractice\SystemPrograming\Ch03.cpp(36,3):
  서식 문자열에서 '%I64x'을(를) 사용하는 것이 좋습니다.
  
  main.cpp
  코드를 생성하고 있습니다.
  2 of 5 functions (40.0%) were compiled, the rest were copied from previous compilation.
    1 functions were new in current compilation
    0 functions had inline decision re-evaluated but remain unchanged
  코드를 생성했습니다.
  SystemPrograming.vcxproj -> C:\Users\oreo\github\CPractice\SystemPrograming\x64\Release\SystemPrograming.exe
