  Ch03.cpp
C:\Users\oreo\github\CPractice\SystemPrograming\Ch03.cpp(34,11): warning C4477: 'wprintf' : 서식 문자열 '%llx'에 'unsigned __int64' 형식의 인수가 필요하지만 variadic 인수 1의 형식이 'UINT_PTR'입니다.
  C:\Users\oreo\github\CPractice\SystemPrograming\Ch03.cpp(34,11):
  서식 문자열에서 '%x'을(를) 사용하는 것이 좋습니다.
  C:\Users\oreo\github\CPractice\SystemPrograming\Ch03.cpp(34,11):
  서식 문자열에서 '%Ix'을(를) 사용하는 것이 좋습니다.
  C:\Users\oreo\github\CPractice\SystemPrograming\Ch03.cpp(34,11):
  서식 문자열에서 '%I32x'을(를) 사용하는 것이 좋습니다.
  
C:\Users\oreo\github\CPractice\SystemPrograming\Ch03.cpp(34,11): warning C4477: 'wprintf' : 서식 문자열 '%llx'에 'unsigned __int64' 형식의 인수가 필요하지만 variadic 인수 2의 형식이 'UINT_PTR'입니다.
  C:\Users\oreo\github\CPractice\SystemPrograming\Ch03.cpp(34,11):
  서식 문자열에서 '%x'을(를) 사용하는 것이 좋습니다.
  C:\Users\oreo\github\CPractice\SystemPrograming\Ch03.cpp(34,11):
  서식 문자열에서 '%Ix'을(를) 사용하는 것이 좋습니다.
  C:\Users\oreo\github\CPractice\SystemPrograming\Ch03.cpp(34,11):
  서식 문자열에서 '%I32x'을(를) 사용하는 것이 좋습니다.
  
  main.cpp
  코드를 생성하고 있습니다.
  2 of 5 functions (40.0%) were compiled, the rest were copied from previous compilation.
    1 functions were new in current compilation
    0 functions had inline decision re-evaluated but remain unchanged
  코드를 생성했습니다.
  SystemPrograming.vcxproj -> C:\Users\oreo\github\CPractice\SystemPrograming\Release\SystemPrograming.exe
